[
  {
    "site": "acres",
    "timestamp": "2025-09-29T21:20:28.478342",
    "duration": 678.768255,
    "success": true,
    "new_listings": 0,
    "return_code": 0,
    "output": "2025-09-29 21:09:10,334 | INFO | Starting acres scraper run de6c5516\n2025-09-29 21:09:12,928 | INFO | patching driver executable C:\\Users\\mansi\\appdata\\roaming\\undetected_chromedriver\\undetected_chromedriver.exe\n2025-09-29 21:09:19,958 | INFO | Enhanced WebDriver setup completed\n2025-09-29 21:09:19,958 | INFO | Navigating to: https://www.99acres.com/search/property/buy/residential-apartments/1rk?city=8&bedroom_num=1&keyword=1RK&property_type=1&preference=S&area_unit=1&budget_min=0&res_com=R&isPreLeased=N\n2025-09-29 21:09:30,791 | INFO | ======================================================================\n2025-09-29 21:09:30,791 | INFO | ======================================================================\n2025-09-29 21:09:30,792 | INFO | Please complete the following if needed:\n2025-09-29 21:09:30,792 | INFO | 1. Handle any sign-in or captcha prompts\n2025-09-29 21:09:30,792 | INFO | 2. Apply desired filters (location, price range, etc.)\n2025-09-29 21:09:30,792 | INFO | 3. Ensure property listings are visible on page\n2025-09-29 21:09:30,792 | INFO | 4. Close any modal dialogs or popups\n2025-09-29 21:09:30,792 | INFO | 5. Scroll down to see if more listings load\n2025-09-29 21:09:30,792 | INFO |  Auto-start in 15 seconds...\n2025-09-29 21:09:30,792 | INFO | ======================================================================\n\nStarting extraction in 15 seconds...\nStarting extraction in 14 seconds...\nStarting extraction in 13 seconds...\nStarting extraction in 12 seconds...\nStarting extraction in 11 seconds...\nStarting extraction in 10 seconds...\nStarting extraction in  9 seconds...\nStarting extraction in  8 seconds...\nStarting extraction in  7 seconds...\nStarting extraction in  6 seconds...\nStarting extraction in  5 seconds...\nStarting extraction in  4 seconds...\nStarting extraction in  3 seconds...\nStarting extraction in  2 seconds...\nStarting extraction in  1 seconds...\nStarting improved property extraction...\n2025-09-29 21:09:46,400 | INFO | Starting extraction - Target: 500 listings\n2025-09-29 21:09:46,400 | INFO | Processing page 1/100...\n2025-09-29 21:10:28,715 | INFO | Found 77 cards using selector: [class*=\"tuple\"]\n2025-09-29 21:10:28,715 | INFO | Total property cards found: 77\n2025-09-29 21:10:28,715 | INFO | Found 77 property cards on page 1\n2025-09-29 21:12:48,393 | INFO | Page 1 completed: 77/77 cards extracted\n2025-09-29 21:12:53,142 | INFO | No new content loaded after scrolling\n2025-09-29 21:12:53,703 | INFO | Processing page 2/100...\n2025-09-29 21:14:43,037 | INFO | Found 1 cards using text patterns\n2025-09-29 21:14:43,037 | INFO | Total property cards found: 1\n2025-09-29 21:14:43,037 | INFO | Found 1 property cards on page 2\n2025-09-29 21:15:00,086 | INFO | Page 2 completed: 1/1 cards extracted\n2025-09-29 21:15:05,016 | INFO | No new content loaded after scrolling\n2025-09-29 21:15:05,529 | INFO | Processing page 3/100...\n2025-09-29 21:16:47,021 | INFO | Found 0 cards using text patterns\n2025-09-29 21:16:47,021 | INFO | Total property cards found: 0\n2025-09-29 21:16:47,021 | WARNING | No new cards found on page 3\n2025-09-29 21:16:51,803 | INFO | No new content loaded after scrolling\n2025-09-29 21:16:52,314 | INFO | Processing page 4/100...\n2025-09-29 21:18:36,797 | INFO | Found 0 cards using text patterns\n2025-09-29 21:18:36,797 | INFO | Total property cards found: 0\n2025-09-29 21:18:36,797 | WARNING | No new cards found on page 4\n2025-09-29 21:18:41,609 | INFO | No new content loaded after scrolling\n2025-09-29 21:18:42,112 | INFO | Processing page 5/100...\n2025-09-29 21:20:23,434 | INFO | Found 0 cards using text patterns\n2025-09-29 21:20:23,434 | INFO | Total property cards found: 0\n2025-09-29 21:20:23,434 | WARNING | No new cards found on page 5\n2025-09-29 21:20:23,434 | INFO | No new cards found in 3 consecutive attempts, stopping...\n2025-09-29 21:20:23,434 | INFO | Extraction completed: 78 listings extracted in 4 pages\n2025-09-29 21:20:24,960 | INFO | Enhanced data saved to: enhanced_output\\99acres_extraction_20250929_212023.xlsx\n2025-09-29 21:20:24,967 | INFO | ================================================================================\n2025-09-29 21:20:24,967 | INFO |  EXTRACTION COMPLETED\n2025-09-29 21:20:24,967 | INFO | ================================================================================\n2025-09-29 21:20:24,967 | INFO |  EXTRACTION STATISTICS:\n2025-09-29 21:20:24,967 | INFO |   \u2022 Total listings extracted: 78\n2025-09-29 21:20:24,967 | INFO |   \u2022 Cards detected: 78\n2025-09-29 21:20:24,969 | INFO |   \u2022 Successful extractions: 78\n2025-09-29 21:20:24,969 | INFO |   \u2022 Failed extractions: 0\n2025-09-29 21:20:24,969 | INFO |   \u2022 Success rate: 100.0%\n2025-09-29 21:20:24,969 | INFO |   \u2022 Images found: 360\n2025-09-29 21:20:24,969 | INFO |   \u2022 Links extracted: 271\n2025-09-29 21:20:24,969 | INFO |   \u2022 Processing time: 11.2 minutes\n2025-09-29 21:20:24,983 | INFO |\nDATA QUALITY SUMMARY:\n2025-09-29 21:20:24,983 | INFO |   \u2022 Listings with price: 77/78 (98.7%)\n2025-09-29 21:20:24,985 | INFO |   \u2022 Listings with building name: 0/78 (0.0%)\n2025-09-29 21:20:24,985 | INFO |   \u2022 Listings with nearby places: 27/78 (34.6%)\n2025-09-29 21:20:24,985 | INFO |   \u2022 Average nearby places per listing: 0.8\n2025-09-29 21:20:24,985 | INFO |\nSAMPLE EXTRACTED DATA:\n--- Logging error ---\nTraceback (most recent call last):\nFile \"C:\\Users\\mansi\\AppData\\Local\\Programs\\Python\\Python39\\lib\\logging\\__init__.py\", line 1086, in emit\nstream.write(msg + self.terminator)\nFile \"C:\\Users\\mansi\\AppData\\Local\\Programs\\Python\\Python39\\lib\\encodings\\cp1252.py\", line 19, in encode\nreturn codecs.charmap_encode(input,self.errors,encoding_table)[0]\nUnicodeEncodeError: 'charmap' codec can't encode character '\\u20b9' in position 44: character maps to <undefined>\nCall stack:\nFile \"C:\\Users\\mansi\\Web_Crawler_RJ\\Crawler_3\\app.py\", line 78, in <module>\nmain()\nFile \"C:\\Users\\mansi\\Web_Crawler_RJ\\Crawler_3\\app.py\", line 68, in main\nresult = scraper.run()\nFile \"C:\\Users\\mansi\\Web_Crawler_RJ\\Crawler_3\\acres_scraper.py\", line 1722, in run\nself._print_final_summary(extracted_data)\nFile \"C:\\Users\\mansi\\Web_Crawler_RJ\\Crawler_3\\acres_scraper.py\", line 1781, in _print_final_summary\nlogging.info(f\"  \u2022 {field}: {value}\")\nMessage: '  \u2022 price: \\u20b920 Lac'\nArguments: ()\n2025-09-29 21:20:25,004 | INFO |   \u2022 apartment_type: 1 BHK\n2025-09-29 21:20:25,004 | INFO |   \u2022 buildup_area: 220 sqft\n2025-09-29 21:20:25,004 | INFO |   \u2022 location: DLF New Town Heights 2\n2025-09-29 21:20:25,004 | INFO |\nSAMPLE LINKS (1 total):\n2025-09-29 21:20:25,004 | INFO |   \u2022 Link 1: 1 BHK Flat in Sector 86, Gurga - https://www.99acres.com/1-bhk-bedroom-apartment-fl\n2025-09-29 21:20:25,004 | INFO | ================================================================================\n2025-09-29 21:20:25,553 | ERROR | Fatal error during scraping: 'str' object has no attribute 'get'\nTraceback (most recent call last):\nFile \"C:\\Users\\mansi\\Web_Crawler_RJ\\Crawler_3\\app.py\", line 69, in main\nlogging.info(\"Scraper result: %s\", result.get(\"metrics\", {}))\nAttributeError: 'str' object has no attribute 'get'\n2025-09-29 21:20:25,553 | INFO | Run de6c5516 finished"
  },
  {
    "site": "acres",
    "timestamp": "2025-09-29T21:05:04.710636",
    "duration": 46.305244,
    "success": true,
    "new_listings": 0,
    "return_code": 0,
    "output": "2025-09-29 21:04:18,837 | INFO | Starting acres scraper run cf63c609\n2025-09-29 21:04:22,245 | INFO | patching driver executable C:\\Users\\mansi\\appdata\\roaming\\undetected_chromedriver\\undetected_chromedriver.exe\n2025-09-29 21:04:31,622 | INFO | Enhanced WebDriver setup completed\n2025-09-29 21:04:31,622 | INFO | Navigating to: https://www.99acres.com/search/property/buy/residential-apartments/1rk?city=8&bedroom_num=1&keyword=1RK&property_type=1&preference=S&area_unit=1&budget_min=0&res_com=R&isPreLeased=N\n2025-09-29 21:04:46,743 | INFO | ======================================================================\n--- Logging error ---\nTraceback (most recent call last):\nFile \"C:\\Users\\mansi\\AppData\\Local\\Programs\\Python\\Python39\\lib\\logging\\__init__.py\", line 1086, in emit\nstream.write(msg + self.terminator)\nFile \"C:\\Users\\mansi\\AppData\\Local\\Programs\\Python\\Python39\\lib\\encodings\\cp1252.py\", line 19, in encode\nreturn codecs.charmap_encode(input,self.errors,encoding_table)[0]\nUnicodeEncodeError: 'charmap' codec can't encode character '\\U0001f527' in position 33: character maps to <undefined>\nCall stack:\nFile \"C:\\Users\\mansi\\Web_Crawler_RJ\\Crawler_3\\app.py\", line 78, in <module>\nmain()\nFile \"C:\\Users\\mansi\\Web_Crawler_RJ\\Crawler_3\\app.py\", line 68, in main\nresult = scraper.run()\nFile \"C:\\Users\\mansi\\Web_Crawler_RJ\\Crawler_3\\acres_scraper.py\", line 1708, in run\nif not self.navigate_and_setup(target_url):\nFile \"C:\\Users\\mansi\\Web_Crawler_RJ\\Crawler_3\\acres_scraper.py\", line 1458, in navigate_and_setup\nlogging.info(\"\\U0001f527 MANUAL SETUP PHASE\")\nMessage: '\\U0001f527 MANUAL SETUP PHASE'\nArguments: ()\n2025-09-29 21:04:46,763 | INFO | ======================================================================\n2025-09-29 21:04:46,763 | INFO | Please complete the following if needed:\n2025-09-29 21:04:46,763 | INFO | 1. Handle any sign-in or captcha prompts\n2025-09-29 21:04:46,763 | INFO | 2. Apply desired filters (location, price range, etc.)\n2025-09-29 21:04:46,763 | INFO | 3. Ensure property listings are visible on page\n2025-09-29 21:04:46,763 | INFO | 4. Close any modal dialogs or popups\n2025-09-29 21:04:46,763 | INFO | 5. Scroll down to see if more listings load\n--- Logging error ---\nTraceback (most recent call last):\nFile \"C:\\Users\\mansi\\AppData\\Local\\Programs\\Python\\Python39\\lib\\logging\\__init__.py\", line 1086, in emit\nstream.write(msg + self.terminator)\nFile \"C:\\Users\\mansi\\AppData\\Local\\Programs\\Python\\Python39\\lib\\encodings\\cp1252.py\", line 19, in encode\nreturn codecs.charmap_encode(input,self.errors,encoding_table)[0]\nUnicodeEncodeError: 'charmap' codec can't encode character '\\u23f3' in position 33: character maps to <undefined>\nCall stack:\nFile \"C:\\Users\\mansi\\Web_Crawler_RJ\\Crawler_3\\app.py\", line 78, in <module>\nmain()\nFile \"C:\\Users\\mansi\\Web_Crawler_RJ\\Crawler_3\\app.py\", line 68, in main\nresult = scraper.run()\nFile \"C:\\Users\\mansi\\Web_Crawler_RJ\\Crawler_3\\acres_scraper.py\", line 1708, in run\nif not self.navigate_and_setup(target_url):\nFile \"C:\\Users\\mansi\\Web_Crawler_RJ\\Crawler_3\\acres_scraper.py\", line 1466, in navigate_and_setup\nlogging.info(f\"\\u23f3 Auto-start in {self.manual_wait_time} seconds...\")\nMessage: '\\u23f3 Auto-start in 15 seconds...'\nArguments: ()\n2025-09-29 21:04:46,764 | INFO | ======================================================================\n\nStarting extraction in 15 seconds...\nStarting extraction in 14 seconds...\nStarting extraction in 13 seconds...\nStarting extraction in 12 seconds...\nStarting extraction in 11 seconds...\nStarting extraction in 10 seconds...\nStarting extraction in  9 seconds...\nStarting extraction in  8 seconds...\nStarting extraction in  7 seconds...\nStarting extraction in  6 seconds...\nStarting extraction in  5 seconds...\nStarting extraction in  4 seconds...\nStarting extraction in  3 seconds...\nStarting extraction in  2 seconds...\nStarting extraction in  1 seconds... 2025-09-29 21:05:01,879 | ERROR | Navigation and setup failed: 'charmap' codec can't encode character '\\U0001f680' in position 2: character maps to <undefined>\n2025-09-29 21:05:02,490 | ERROR | Fatal error during scraping: 'NoneType' object has no attribute 'get'\nTraceback (most recent call last):\nFile \"C:\\Users\\mansi\\Web_Crawler_RJ\\Crawler_3\\app.py\", line 69, in main\nlogging.info(\"Scraper result: %s\", result.get(\"metrics\", {}))\nAttributeError: 'NoneType' object has no attribute 'get'\n2025-09-29 21:05:02,491 | INFO | Run cf63c609 finished"
  },
  {
    "site": "acres",
    "timestamp": "2025-09-29T21:00:06.021973",
    "duration": 39.264289,
    "success": true,
    "new_listings": 0,
    "return_code": 0,
    "output": "2025-09-29 20:59:26,960 | INFO | Starting acres scraper run ac87f037\n2025-09-29 20:59:29,197 | INFO | patching driver executable C:\\Users\\mansi\\appdata\\roaming\\undetected_chromedriver\\undetected_chromedriver.exe\n2025-09-29 20:59:36,134 | INFO | Enhanced WebDriver setup completed\n2025-09-29 20:59:36,134 | INFO | Navigating to: https://www.99acres.com/search/property/buy/residential-apartments/1rk?city=8&bedroom_num=1&keyword=1RK&property_type=1&preference=S&area_unit=1&budget_min=0&res_com=R&isPreLeased=N\n2025-09-29 20:59:48,191 | INFO | ======================================================================\n--- Logging error ---\nTraceback (most recent call last):\nFile \"C:\\Users\\mansi\\AppData\\Local\\Programs\\Python\\Python39\\lib\\logging\\__init__.py\", line 1086, in emit\nstream.write(msg + self.terminator)\nFile \"C:\\Users\\mansi\\AppData\\Local\\Programs\\Python\\Python39\\lib\\encodings\\cp1252.py\", line 19, in encode\nreturn codecs.charmap_encode(input,self.errors,encoding_table)[0]\nUnicodeEncodeError: 'charmap' codec can't encode character '\\U0001f527' in position 33: character maps to <undefined>\nCall stack:\nFile \"C:\\Users\\mansi\\Web_Crawler_RJ\\Crawler_3\\app.py\", line 78, in <module>\nmain()\nFile \"C:\\Users\\mansi\\Web_Crawler_RJ\\Crawler_3\\app.py\", line 68, in main\nresult = scraper.run()\nFile \"C:\\Users\\mansi\\Web_Crawler_RJ\\Crawler_3\\acres_scraper.py\", line 1708, in run\nif not self.navigate_and_setup(target_url):\nFile \"C:\\Users\\mansi\\Web_Crawler_RJ\\Crawler_3\\acres_scraper.py\", line 1458, in navigate_and_setup\nlogging.info(\"\\U0001f527 MANUAL SETUP PHASE\")\nMessage: '\\U0001f527 MANUAL SETUP PHASE'\nArguments: ()\n2025-09-29 20:59:48,201 | INFO | ======================================================================\n2025-09-29 20:59:48,201 | INFO | Please complete the following if needed:\n2025-09-29 20:59:48,202 | INFO | 1. Handle any sign-in or captcha prompts\n2025-09-29 20:59:48,202 | INFO | 2. Apply desired filters (location, price range, etc.)\n2025-09-29 20:59:48,202 | INFO | 3. Ensure property listings are visible on page\n2025-09-29 20:59:48,202 | INFO | 4. Close any modal dialogs or popups\n2025-09-29 20:59:48,202 | INFO | 5. Scroll down to see if more listings load\n--- Logging error ---\nTraceback (most recent call last):\nFile \"C:\\Users\\mansi\\AppData\\Local\\Programs\\Python\\Python39\\lib\\logging\\__init__.py\", line 1086, in emit\nstream.write(msg + self.terminator)\nFile \"C:\\Users\\mansi\\AppData\\Local\\Programs\\Python\\Python39\\lib\\encodings\\cp1252.py\", line 19, in encode\nreturn codecs.charmap_encode(input,self.errors,encoding_table)[0]\nUnicodeEncodeError: 'charmap' codec can't encode character '\\u23f3' in position 33: character maps to <undefined>\nCall stack:\nFile \"C:\\Users\\mansi\\Web_Crawler_RJ\\Crawler_3\\app.py\", line 78, in <module>\nmain()\nFile \"C:\\Users\\mansi\\Web_Crawler_RJ\\Crawler_3\\app.py\", line 68, in main\nresult = scraper.run()\nFile \"C:\\Users\\mansi\\Web_Crawler_RJ\\Crawler_3\\acres_scraper.py\", line 1708, in run\nif not self.navigate_and_setup(target_url):\nFile \"C:\\Users\\mansi\\Web_Crawler_RJ\\Crawler_3\\acres_scraper.py\", line 1466, in navigate_and_setup\nlogging.info(f\"\\u23f3 Auto-start in {self.manual_wait_time} seconds...\")\nMessage: '\\u23f3 Auto-start in 15 seconds...'\nArguments: ()\n2025-09-29 20:59:48,203 | INFO | ======================================================================\n\nStarting extraction in 15 seconds...\nStarting extraction in 14 seconds...\nStarting extraction in 13 seconds...\nStarting extraction in 12 seconds...\nStarting extraction in 11 seconds...\nStarting extraction in 10 seconds...\nStarting extraction in  9 seconds...\nStarting extraction in  8 seconds...\nStarting extraction in  7 seconds...\nStarting extraction in  6 seconds...\nStarting extraction in  5 seconds...\nStarting extraction in  4 seconds...\nStarting extraction in  3 seconds...\nStarting extraction in  2 seconds...\nStarting extraction in  1 seconds... 2025-09-29 21:00:03,391 | ERROR | Navigation and setup failed: 'charmap' codec can't encode character '\\U0001f680' in position 2: character maps to <undefined>\n2025-09-29 21:00:03,943 | ERROR | Fatal error during scraping: 'NoneType' object has no attribute 'get'\nTraceback (most recent call last):\nFile \"C:\\Users\\mansi\\Web_Crawler_RJ\\Crawler_3\\app.py\", line 69, in main\nlogging.info(\"Scraper result: %s\", result.get(\"metrics\", {}))\nAttributeError: 'NoneType' object has no attribute 'get'\n2025-09-29 21:00:03,943 | INFO | Run ac87f037 finished"
  },
  {
    "site": "99acres",
    "timestamp": "2025-09-29T20:58:01.321819",
    "duration": 1.105568,
    "success": true,
    "new_listings": 500,
    "return_code": 2,
    "output": "usage: app.py [-h] [--config CONFIG] --site {nobroker,magicbricks,acres}\napp.py: error: argument --site: invalid choice: '99acres' (choose from 'nobroker', 'magicbricks', 'acres')"
  },
  {
    "site": "99acres",
    "timestamp": "2025-09-29T20:57:40.286517",
    "duration": 2.700059,
    "success": true,
    "new_listings": 0,
    "return_code": 2,
    "output": "usage: app.py [-h] [--config CONFIG] --site {nobroker,magicbricks,acres}\napp.py: error: argument --site: invalid choice: '99acres' (choose from 'nobroker', 'magicbricks', 'acres')"
  },
  {
    "site": "acres",
    "timestamp": "2025-09-29T20:57:19.411678",
    "duration": 40.92844,
    "success": true,
    "new_listings": 500,
    "return_code": 0
  },
  {
    "site": "acres",
    "timestamp": "2025-09-29T20:55:37.857663",
    "duration": 44.54041,
    "success": true,
    "new_listings": 0,
    "return_code": 0
  }
]